<?xml version="1.0" encoding="UTF-8"?>
<!-- Generated by org.testng.reporters.JUnitReportReporter -->
<testsuite skipped="0" hostname="Zinnun" name="com.OrangeHRMAutomation.testcases.TC_LogoDisplayed_002" tests="1" failures="0" timestamp="22 Feb 2021 16:55:55 GMT" time="16.814" errors="0">
  <testcase name="logoCheck" time="16.814" classname="com.OrangeHRMAutomation.testcases.TC_LogoDisplayed_002"/>
</testsuite> <!-- com.OrangeHRMAutomation.testcases.TC_LogoDisplayed_002 -->
