<?xml version="1.0" encoding="UTF-8"?>
<!-- Generated by org.testng.reporters.JUnitReportReporter -->
<testsuite skipped="0" hostname="Zinnun" name="com.OrangeHRMAutomation.testcases.TC_addEmployee_002" tests="1" failures="0" timestamp="15 Feb 2021 17:13:18 GMT" time="14.167" errors="0">
  <testcase name="addNewCustomer" time="14.167" classname="com.OrangeHRMAutomation.testcases.TC_addEmployee_002"/>
</testsuite> <!-- com.OrangeHRMAutomation.testcases.TC_addEmployee_002 -->
