<?xml version="1.0" encoding="UTF-8"?>
<!-- Generated by org.testng.reporters.JUnitReportReporter -->
<testsuite skipped="0" hostname="Zinnun" name="com.ActiTimeAutomation.testcases.TC_addEmployee_002" tests="1" failures="0" timestamp="12 Feb 2021 16:02:11 GMT" time="14.622" errors="0">
  <testcase name="addNewCustomer" time="14.622" classname="com.ActiTimeAutomation.testcases.TC_addEmployee_002"/>
</testsuite> <!-- com.ActiTimeAutomation.testcases.TC_addEmployee_002 -->
