<?xml version="1.0" encoding="UTF-8"?>
<!-- Generated by org.testng.reporters.JUnitReportReporter -->
<testsuite skipped="0" hostname="Zinnun" name="com.ActiTimeAutomation.testcases.TC_LoginTest_001" tests="1" failures="0" timestamp="10 Feb 2021 18:45:52 GMT" time="12.171" errors="0">
  <testcase name="login" time="12.171" classname="com.ActiTimeAutomation.testcases.TC_LoginTest_001"/>
</testsuite> <!-- com.ActiTimeAutomation.testcases.TC_LoginTest_001 -->
